<?xml version="1.0" encoding="UTF-8"?>
<testsuites name="Mocha Tests" time="0.089" tests="23" failures="1">
  <testsuite name="Root Suite" timestamp="2017-05-05T13:17:22" tests="0" failures="0" time="0">
  </testsuite>
  <testsuite name="Actors" timestamp="2017-05-05T13:17:22" tests="0" file="C:\fichiers\selfLearning\Architecture logicielle\TP3\moviesNodeExpress\test\actors.js" failures="0" time="0">
  </testsuite>
  <testsuite name="POST actor" timestamp="2017-05-05T13:17:30" tests="3" file="C:\fichiers\selfLearning\Architecture logicielle\TP3\moviesNodeExpress\test\actors.js" failures="1" time="0.089">
    <testcase name="Actors POST actor should create a actor" time="0.089" classname="should create a actor">
      <failure><![CDATA[Error: expected 201 "Created", got 400 "Bad Request"
    at Test.assert (C:\fichiers\selfLearning\Architecture logicielle\TP3\moviesNodeExpress\node_modules\supertest\lib\test.js:205:15)
    at Server.assert (C:\fichiers\selfLearning\Architecture logicielle\TP3\moviesNodeExpress\node_modules\supertest\lib\test.js:132:12)
    at Server.g (events.js:291:16)
    at emitNone (events.js:86:13)
    at Server.emit (events.js:185:7)
    at emitCloseNT (net.js:1555:8)
    at _combinedTickCallback (internal/process/next_tick.js:71:11)
    at process._tickCallback (internal/process/next_tick.js:98:9)]]></failure>
    </testcase>
  </testsuite>
  <testsuite name="GET actor" timestamp="2017-05-05T13:17:30" tests="2" file="C:\fichiers\selfLearning\Architecture logicielle\TP3\moviesNodeExpress\test\actors.js" failures="0" time="0">
  </testsuite>
  <testsuite name="PUT actor" timestamp="2017-05-05T13:17:30" tests="2" file="C:\fichiers\selfLearning\Architecture logicielle\TP3\moviesNodeExpress\test\actors.js" failures="0" time="0">
  </testsuite>
  <testsuite name="POST /actors/:id/movies" timestamp="2017-05-05T13:17:30" tests="2" file="C:\fichiers\selfLearning\Architecture logicielle\TP3\moviesNodeExpress\test\actors.js" failures="0" time="0">
  </testsuite>
  <testsuite name="DELETE /actors/:id/movies/:movie_id" timestamp="2017-05-05T13:17:30" tests="2" file="C:\fichiers\selfLearning\Architecture logicielle\TP3\moviesNodeExpress\test\actors.js" failures="0" time="0">
  </testsuite>
  <testsuite name="DELETE actor" timestamp="2017-05-05T13:17:30" tests="1" file="C:\fichiers\selfLearning\Architecture logicielle\TP3\moviesNodeExpress\test\actors.js" failures="0" time="0">
  </testsuite>
  <testsuite name="Movies" timestamp="2017-05-05T13:17:30" tests="0" file="C:\fichiers\selfLearning\Architecture logicielle\TP3\moviesNodeExpress\test\movies.js" failures="0" time="0">
  </testsuite>
  <testsuite name="POST movie" timestamp="2017-05-05T13:17:30" tests="3" file="C:\fichiers\selfLearning\Architecture logicielle\TP3\moviesNodeExpress\test\movies.js" failures="0" time="0">
  </testsuite>
  <testsuite name="GET movie" timestamp="2017-05-05T13:17:30" tests="2" file="C:\fichiers\selfLearning\Architecture logicielle\TP3\moviesNodeExpress\test\movies.js" failures="0" time="0">
  </testsuite>
  <testsuite name="PUT movie" timestamp="2017-05-05T13:17:30" tests="1" file="C:\fichiers\selfLearning\Architecture logicielle\TP3\moviesNodeExpress\test\movies.js" failures="0" time="0">
  </testsuite>
  <testsuite name="POST /movies/:id/actors" timestamp="2017-05-05T13:17:30" tests="2" file="C:\fichiers\selfLearning\Architecture logicielle\TP3\moviesNodeExpress\test\movies.js" failures="0" time="0">
  </testsuite>
  <testsuite name="DELETE /movies/:id/actors/:actor_id" timestamp="2017-05-05T13:17:30" tests="2" file="C:\fichiers\selfLearning\Architecture logicielle\TP3\moviesNodeExpress\test\movies.js" failures="0" time="0">
  </testsuite>
  <testsuite name="DELETE movie" timestamp="2017-05-05T13:17:30" tests="1" file="C:\fichiers\selfLearning\Architecture logicielle\TP3\moviesNodeExpress\test\movies.js" failures="0" time="0">
  </testsuite>
</testsuites>